Build started 20.03.2015 22:06:06.
     1>Project "C:\Users\Vootele\Desktop\game\game\game.vcxproj" on node 2 (Build target(s)).
     1>ClCompile:
         C:\Program Files (x86)\Microsoft Visual Studio 12.0\VC\bin\CL.exe /c /I"C:\Program Files (x86)\Visual Leak Detector\include" /Zi /nologo /W3 /WX- /sdl /O2 /Oi /Oy- /GL /D WIN32 /D NDEBUG /D _WINDOWS /D _UNICODE /D UNICODE /Gm- /EHsc /MD /GS /Gy /fp:precise /Zc:wchar_t /Zc:forScope /Fo"Release\\" /Fd"Release\vc120.pdb" /Gd /TP /analyze- /errorReport:prompt CSceneManager.cpp
         CSceneManager.cpp
     1>CSceneManager.cpp(37): warning C4305: 'argument' : truncation from 'double' to 'float'
       Link:
         C:\Program Files (x86)\Microsoft Visual Studio 12.0\VC\bin\link.exe /ERRORREPORT:PROMPT /OUT:"C:\Users\Vootele\Desktop\game\Release\game.exe" /INCREMENTAL:NO /NOLOGO /LIBPATH:"C:\Program Files (x86)\Visual Leak Detector\lib\Win32" kernel32.lib user32.lib gdi32.lib winspool.lib comdlg32.lib advapi32.lib shell32.lib ole32.lib oleaut32.lib uuid.lib odbc32.lib odbccp32.lib /MANIFEST /MANIFESTUAC:"level='asInvoker' uiAccess='false'" /manifest:embed /DEBUG /PDB:"C:\Users\Vootele\Desktop\game\Release\game.pdb" /SUBSYSTEM:WINDOWS /OPT:REF /OPT:ICF /LTCG /TLBID:1 /DYNAMICBASE /NXCOMPAT /IMPLIB:"C:\Users\Vootele\Desktop\game\Release\game.lib" /MACHINE:X86 /SAFESEH Release\CCamera.obj
         Release\CDirectX11.obj
         Release\CInput.obj
         Release\CLightManager.obj
         Release\CMaterialManager.obj
         Release\CMesh.obj
         Release\CModel.obj
         Release\CSceneManager.obj
         Release\CTimer.obj
         Release\main.obj
         Generating code
         Finished generating code
         game.vcxproj -> C:\Users\Vootele\Desktop\game\Release\game.exe
     1>Done Building Project "C:\Users\Vootele\Desktop\game\game\game.vcxproj" (Build target(s)).

Build succeeded.

Time Elapsed 00:00:02.53
