c:\users\vootele\desktop\game\game\debug\vc120.pdb
c:\users\vootele\desktop\game\game\debug\vc120.idb
c:\users\vootele\desktop\game\game\debug\ccamera.obj
c:\users\vootele\desktop\game\game\debug\cdirectx11.obj
c:\users\vootele\desktop\game\game\debug\cinput.obj
c:\users\vootele\desktop\game\game\debug\cmesh.obj
c:\users\vootele\desktop\game\game\debug\cmodel.obj
c:\users\vootele\desktop\game\game\debug\cscenemanager.obj
c:\users\vootele\desktop\game\game\debug\ctimer.obj
c:\users\vootele\desktop\game\game\debug\main.obj
c:\users\vootele\desktop\game\debug\vs.cso
c:\users\vootele\desktop\game\debug\game.ilk
c:\users\vootele\desktop\game\debug\game.exe
c:\users\vootele\desktop\game\debug\game.pdb
c:\users\vootele\desktop\game\game\debug\game.tlog\cl.command.1.tlog
c:\users\vootele\desktop\game\game\debug\game.tlog\cl.read.1.tlog
c:\users\vootele\desktop\game\game\debug\game.tlog\cl.write.1.tlog
c:\users\vootele\desktop\game\game\debug\game.tlog\fxc.command.1.tlog
c:\users\vootele\desktop\game\game\debug\game.tlog\fxc.read.1.tlog
c:\users\vootele\desktop\game\game\debug\game.tlog\fxc.write.1.tlog
c:\users\vootele\desktop\game\game\debug\game.tlog\game.write.1u.tlog
c:\users\vootele\desktop\game\game\debug\game.tlog\link.command.1.tlog
c:\users\vootele\desktop\game\game\debug\game.tlog\link.read.1.tlog
c:\users\vootele\desktop\game\game\debug\game.tlog\link.write.1.tlog
