Build started 15.03.2015 13:36:55.
     1>Project "C:\Users\Vootele\Desktop\game\game\game.vcxproj" on node 2 (Rebuild target(s)).
     1>FxCompile:
         C:\Program Files (x86)\Windows Kits\8.1\bin\x86\fxc.exe /nologo /E"PS" /T ps_4_0_level_9_1 /Fo "C:\Users\Vootele\Desktop\game\Debug\ps.cso" /Od /Zi ps.hlsl 
     1>C:\Users\Vootele\Desktop\game\game\ps.hlsl(31,20-44): warning X3206: implicit truncation of vector type
     1>C:\Users\Vootele\Desktop\game\game\ps.hlsl(31,51-104): warning X3206: implicit truncation of vector type
         
         compilation object save succeeded; see C:\Users\Vootele\Desktop\game\Debug\ps.cso
       ClCompile:
         C:\Program Files (x86)\Microsoft Visual Studio 12.0\VC\bin\CL.exe /c /I"C:\Program Files (x86)\Visual Leak Detector\include" /ZI /nologo /W3 /WX- /sdl /Od /Oy- /D WIN32 /D _DEBUG /D _WINDOWS /D _UNICODE /D UNICODE /Gm /EHsc /RTC1 /MDd /GS /fp:precise /Zc:wchar_t /Zc:forScope /Fo"Debug\\" /Fd"Debug\vc120.pdb" /Gd /TP /analyze- /errorReport:prompt CCamera.cpp CDirectX11.cpp CInput.cpp CLightManager.cpp CMaterialManager.cpp CMesh.cpp CModel.cpp CSceneManager.cpp CTimer.cpp main.cpp
         main.cpp
         CTimer.cpp
         CSceneManager.cpp
     1>c:\users\vootele\desktop\game\game\cscenemanager.cpp(23): warning C4305: 'argument' : truncation from 'double' to 'float'
         CModel.cpp
         CMesh.cpp
         CMaterialManager.cpp
         CLightManager.cpp
     1>c:\users\vootele\desktop\game\game\clightmanager.cpp(4): warning C4305: 'argument' : truncation from 'double' to 'float'
         CInput.cpp
         CDirectX11.cpp
         CCamera.cpp
         Generating Code...
       Link:
         C:\Program Files (x86)\Microsoft Visual Studio 12.0\VC\bin\link.exe /ERRORREPORT:PROMPT /OUT:"C:\Users\Vootele\Desktop\game\Debug\game.exe" /INCREMENTAL /NOLOGO /LIBPATH:"C:\Program Files (x86)\Visual Leak Detector\lib\Win32" kernel32.lib user32.lib gdi32.lib winspool.lib comdlg32.lib advapi32.lib shell32.lib ole32.lib oleaut32.lib uuid.lib odbc32.lib odbccp32.lib /MANIFEST /MANIFESTUAC:"level='asInvoker' uiAccess='false'" /manifest:embed /DEBUG /PDB:"C:\Users\Vootele\Desktop\game\Debug\game.pdb" /SUBSYSTEM:WINDOWS /TLBID:1 /DYNAMICBASE /NXCOMPAT /IMPLIB:"C:\Users\Vootele\Desktop\game\Debug\game.lib" /MACHINE:X86 Debug\CCamera.obj
         Debug\CDirectX11.obj
         Debug\CInput.obj
         Debug\CLightManager.obj
         Debug\CMaterialManager.obj
         Debug\CMesh.obj
         Debug\CModel.obj
         Debug\CSceneManager.obj
         Debug\CTimer.obj
         Debug\main.obj
         game.vcxproj -> C:\Users\Vootele\Desktop\game\Debug\game.exe
     1>Done Building Project "C:\Users\Vootele\Desktop\game\game\game.vcxproj" (Rebuild target(s)).

Build succeeded.

Time Elapsed 00:00:10.75
